2021-08-10 00:11:38,444 - AirBnbModel.run - INFO - Executing source task on train_eval mode
2021-08-10 00:11:38,478 - AirBnbModel.source.run - INFO - 4 rows and 2 colums loaded for users from data/train/source/users.csv
2021-08-10 00:11:38,492 - AirBnbModel.source.run - DEBUG - users dataset structure preview:
      parameter1  parameter2
user                        
1              2           3
2              3           4
2021-08-10 00:11:38,494 - AirBnbModel.source.run - INFO - users dataset saved on data/train/staging/users.pkl
2021-08-10 00:11:38,498 - AirBnbModel.source.run - INFO - 4 rows and 1 colums loaded for target from data/train/source/users.csv
2021-08-10 00:11:38,502 - AirBnbModel.source.run - DEBUG - target dataset structure preview:
      target
user        
1          1
2          1
2021-08-10 00:11:38,504 - AirBnbModel.source.run - INFO - target dataset saved on data/train/staging/target.pkl
2021-08-10 00:12:56,809 - AirBnbModel.run - INFO - Executing source task on train_eval mode
2021-08-10 00:12:56,823 - AirBnbModel.source.run - INFO - 4 rows and 2 colums loaded for users from data/train/source/users.csv
2021-08-10 00:12:56,833 - AirBnbModel.source.run - DEBUG - users dataset structure preview:
      parameter1  parameter2
user                        
1              2           3
2              3           4
2021-08-10 00:12:56,834 - AirBnbModel.source.run - INFO - users dataset saved on data/train/staging/users.pkl
2021-08-10 00:12:56,838 - AirBnbModel.source.run - INFO - 4 rows and 1 colums loaded for target from data/train/source/users.csv
2021-08-10 00:12:56,844 - AirBnbModel.source.run - DEBUG - target dataset structure preview:
      target
user        
1          1
2          1
2021-08-10 00:12:56,849 - AirBnbModel.source.run - INFO - target dataset saved on data/train/staging/target.pkl
2021-08-10 00:21:31,881 - AirBnbModel.run - INFO - Executing source task on train_eval mode
2021-08-10 00:21:31,900 - AirBnbModel.source.run - INFO - 4 rows and 2 colums loaded for users from data/train/source/users.csv
2021-08-10 00:21:31,908 - AirBnbModel.source.run - DEBUG - users dataset structure preview:
      parameter1  parameter2
user                        
1              2           3
2              3           4
2021-08-10 00:21:31,910 - AirBnbModel.source.run - INFO - users dataset saved on data/train/staging/users.pkl
2021-08-10 00:21:31,915 - AirBnbModel.source.run - INFO - 4 rows and 1 colums loaded for target from data/train/source/users.csv
2021-08-10 00:21:31,920 - AirBnbModel.source.run - DEBUG - target dataset structure preview:
      target
user        
1          1
2          1
2021-08-10 00:21:31,921 - AirBnbModel.source.run - INFO - target dataset saved on data/train/staging/target.pkl
2021-08-10 13:51:39,564 - numexpr.utils - INFO - NumExpr defaulting to 4 threads.
2021-08-10 14:04:00,511 - numexpr.utils - INFO - NumExpr defaulting to 4 threads.
2021-08-10 15:43:36,985 - numexpr.utils - INFO - NumExpr defaulting to 4 threads.
