2021-08-25 17:51:13,241 - AirBnbModel.run - INFO - Executing source task on train_eval mode
2021-08-25 17:51:13,245 - AirBnbModel.source.run - INFO - Downloading train_users_2.csv from airbnb-recruiting-new-user-bookings Kaggle competition
2021-08-25 17:51:13,702 - AirBnbModel.source.run - ERROR - Could not find train_users_2.csv in airbnb-recruiting-new-user-bookings competition
2021-08-25 17:53:00,638 - AirBnbModel.run - INFO - Executing source task on train_eval mode
2021-08-25 17:53:00,638 - AirBnbModel.source.run - INFO - Downloading train_users_2.csv.zip from airbnb-recruiting-new-user-bookings Kaggle competition
2021-08-25 17:53:01,697 - AirBnbModel.source.run - INFO - train_users_2.csv.zip staged into C:\Users\Nico\AppData\Local\Temp\tmpn_bdrnml
2021-08-25 17:53:02,681 - AirBnbModel.source.run - INFO - Downloading sessions.csv.zip from airbnb-recruiting-new-user-bookings Kaggle competition
2021-08-25 17:53:05,587 - AirBnbModel.source.run - INFO - sessions.csv.zip staged into C:\Users\Nico\AppData\Local\Temp\tmpo_gcefal
2021-08-25 18:00:16,224 - AirBnbModel.run - INFO - Executing source task on train_eval mode
2021-08-25 18:00:16,239 - AirBnbModel.run - ERROR - Task source failed
2021-08-25 18:02:32,818 - AirBnbModel.run - INFO - Executing source task on train_eval mode
2021-08-25 18:02:32,830 - AirBnbModel.utils.kaggle - INFO - Downloading train_users_2.csv.zip from airbnb-recruiting-new-user-bookings Kaggle competition
2021-08-25 18:02:33,913 - AirBnbModel.utils.kaggle - INFO - train_users_2.csv.zip staged into C:\Users\Nico\AppData\Local\Temp\tmp71ujttz7
2021-08-25 18:02:34,162 - AirBnbModel.run - ERROR - Task source failed
2021-08-25 18:03:30,852 - AirBnbModel.run - INFO - Executing source task on train_eval mode
2021-08-25 18:03:30,866 - AirBnbModel.utils.kaggle - INFO - Downloading train_users_2.csv.zip from airbnb-recruiting-new-user-bookings Kaggle competition
2021-08-25 18:03:31,849 - AirBnbModel.utils.kaggle - INFO - train_users_2.csv.zip staged into C:\Users\Nico\AppData\Local\Temp\tmp1t8yuwkf
2021-08-25 18:03:32,686 - AirBnbModel.utils.kaggle - INFO - Downloading sessions.csv.zip from airbnb-recruiting-new-user-bookings Kaggle competition
2021-08-25 18:03:37,304 - AirBnbModel.utils.kaggle - INFO - sessions.csv.zip staged into C:\Users\Nico\AppData\Local\Temp\tmpdhaiyjnf
2021-08-26 09:40:04,843 - AirBnbModel.run - INFO - Executing source task on train_eval mode
2021-08-26 09:40:04,845 - AirBnbModel.run - ERROR - Task source failed
2021-08-26 10:26:28,632 - AirBnbModel.run - INFO - Executing source task on train_eval mode
2021-08-26 10:26:28,647 - AirBnbModel.run - ERROR - Task source failed
2021-08-26 10:28:04,621 - AirBnbModel.run - INFO - Executing source task on train_eval mode
2021-08-26 10:29:21,609 - AirBnbModel.run - ERROR - Task source failed
2021-08-26 10:30:32,241 - AirBnbModel.run - INFO - Executing source task on train_eval mode
2021-08-26 10:30:32,250 - AirBnbModel.run - ERROR - Task source failed
2021-08-26 10:31:37,492 - AirBnbModel.run - INFO - Executing source task on train_eval mode
2021-08-26 10:31:37,504 - AirBnbModel.utils.kaggle - INFO - Downloading train_users_2.csv.zip from airbnb-recruiting-new-user-bookings Kaggle competition
2021-08-26 10:31:39,358 - AirBnbModel.utils.kaggle - INFO - train_users_2.csv.zip succesfully downloaded
2021-08-26 10:31:40,231 - AirBnbModel.utils.kaggle - INFO - Downloading sessions.csv.zip from airbnb-recruiting-new-user-bookings Kaggle competition
2021-08-26 10:31:43,788 - AirBnbModel.utils.kaggle - INFO - sessions.csv.zip succesfully downloaded
